<?xml version="1.0" encoding="UTF-8"?>
<testng-results ignored="0" total="4" passed="4" failed="0" skipped="0">
  <reporter-output>
  </reporter-output>
  <suite started-at="2022-12-29T10:47:35 IST" name="Surefire suite" finished-at="2022-12-29T10:49:31 IST" duration-ms="115850">
    <groups>
      <group name="cucumber">
        <method signature="AbstractTestNGCucumberTests.runScenario(io.cucumber.testng.PickleWrapper,io.cucumber.testng.FeatureWrapper)[pri:0, instance:Runners.RunIT@51e69659]" name="runScenario" class="io.cucumber.testng.AbstractTestNGCucumberTests"/>
      </group> <!-- cucumber -->
    </groups>
    <test started-at="2022-12-29T10:47:35 IST" name="Surefire test" finished-at="2022-12-29T10:49:31 IST" duration-ms="115850">
      <class name="Runners.RunIT">
        <test-method is-config="true" signature="setUpClass(org.testng.ITestContext)[pri:0, instance:Runners.RunIT@51e69659]" started-at="2022-12-29T10:47:36 IST" name="setUpClass" finished-at="2022-12-29T10:47:38 IST" duration-ms="2462" status="PASS">
          <params>
            <param index="0">
              <value>
                <![CDATA[org.testng.TestRunner@670342a2]]>
              </value>
            </param>
          </params>
          <reporter-output>
          </reporter-output>
        </test-method> <!-- setUpClass -->
        <test-method signature="runScenario(io.cucumber.testng.PickleWrapper,io.cucumber.testng.FeatureWrapper)[pri:0, instance:Runners.RunIT@51e69659]" started-at="2022-12-29T10:47:38 IST" name="runScenario" description="Runs Cucumber Scenarios" data-provider="scenarios" finished-at="2022-12-29T10:49:23 IST" duration-ms="105190" status="PASS">
          <params>
            <param index="0">
              <value>
                <![CDATA["verify TimePage"]]>
              </value>
            </param>
            <param index="1">
              <value>
                <![CDATA["TimePage"]]>
              </value>
            </param>
          </params>
          <reporter-output>
          </reporter-output>
        </test-method> <!-- runScenario -->
        <test-method signature="runScenario(io.cucumber.testng.PickleWrapper,io.cucumber.testng.FeatureWrapper)[pri:0, instance:Runners.RunIT@51e69659]" started-at="2022-12-29T10:47:38 IST" name="runScenario" description="Runs Cucumber Scenarios" data-provider="scenarios" finished-at="2022-12-29T10:49:19 IST" duration-ms="100838" status="PASS">
          <params>
            <param index="0">
              <value>
                <![CDATA["verify Homepage"]]>
              </value>
            </param>
            <param index="1">
              <value>
                <![CDATA["homePage"]]>
              </value>
            </param>
          </params>
          <reporter-output>
          </reporter-output>
        </test-method> <!-- runScenario -->
        <test-method signature="runScenario(io.cucumber.testng.PickleWrapper,io.cucumber.testng.FeatureWrapper)[pri:0, instance:Runners.RunIT@51e69659]" started-at="2022-12-29T10:47:38 IST" name="runScenario" description="Runs Cucumber Scenarios" data-provider="scenarios" finished-at="2022-12-29T10:49:19 IST" duration-ms="101143" status="PASS">
          <params>
            <param index="0">
              <value>
                <![CDATA["user login verification"]]>
              </value>
            </param>
            <param index="1">
              <value>
                <![CDATA["Login Page"]]>
              </value>
            </param>
          </params>
          <reporter-output>
          </reporter-output>
        </test-method> <!-- runScenario -->
        <test-method signature="runScenario(io.cucumber.testng.PickleWrapper,io.cucumber.testng.FeatureWrapper)[pri:0, instance:Runners.RunIT@51e69659]" started-at="2022-12-29T10:47:38 IST" name="runScenario" description="Runs Cucumber Scenarios" data-provider="scenarios" finished-at="2022-12-29T10:49:22 IST" duration-ms="103511" status="PASS">
          <params>
            <param index="0">
              <value>
                <![CDATA["Recruitment"]]>
              </value>
            </param>
            <param index="1">
              <value>
                <![CDATA["verify recruitment page"]]>
              </value>
            </param>
          </params>
          <reporter-output>
          </reporter-output>
        </test-method> <!-- runScenario -->
        <test-method is-config="true" signature="tearDownClass()[pri:0, instance:Runners.RunIT@51e69659]" started-at="2022-12-29T10:49:23 IST" name="tearDownClass" finished-at="2022-12-29T10:49:31 IST" duration-ms="8062" status="PASS">
          <reporter-output>
          </reporter-output>
        </test-method> <!-- tearDownClass -->
      </class> <!-- Runners.RunIT -->
    </test> <!-- Surefire test -->
  </suite> <!-- Surefire suite -->
</testng-results>
