<?xml version="1.0" encoding="UTF-8"?>
<testsuite xmlns:xsi="http://www.w3.org/2001/XMLSchema-instance" xsi:noNamespaceSchemaLocation="https://maven.apache.org/surefire/maven-surefire-plugin/xsd/surefire-test-report-3.0.xsd" version="3.0" name="Runners.RunIT" time="48.333" tests="3" errors="0" skipped="0" failures="0">
  <properties>
[...]
</properties>
  <testcase name="runScenario[&quot;user login verification&quot;, &quot;Login Page&quot;](1)" classname="Runners.RunIT" time="34.85">
    <system-out><![CDATA[
Scenario: verify Homepage                                                                              # src/test/resources/Features/HomePage.feature:3

Scenario: verify TimePage                                                                              # src/test/resources/Features/TimePage.feature:3

Scenario: user login verification                                                                      # src/test/resources/Features/LoginPage.feature:2
you are using following browserchrome
you are using following browserchrome
you are using following browserchrome
  Given user enters orange url as "https://opensource-demo.orangehrmlive.com/web/index.php/auth/login" # Steps.LoginPageSteps.user_enters_orange_url_as(java.lang.String)
  Given user enters orange url as "https://opensource-demo.orangehrmlive.com/web/index.php/auth/login" # Steps.LoginPageSteps.user_enters_orange_url_as(java.lang.String)
  Given user enters orange url as "https://opensource-demo.orangehrmlive.com/web/index.php/auth/login" # Steps.LoginPageSteps.user_enters_orange_url_as(java.lang.String)
  When User enters username as "Admin" and password as "admin123" and cliks on login button            # Steps.LoginPageSteps.user_enters_username_as_and_password_as_and_cliks_on_login_button(java.lang.String,java.lang.String)
  Then user verifies homepage title as "OrangeHRM"                                                     # Steps.HomePagesteps.user_verifies_homepage_title_as(java.lang.String)
  When User enters username as "Admin" and password as "admin123" and cliks on login button            # Steps.LoginPageSteps.user_enters_username_as_and_password_as_and_cliks_on_login_button(java.lang.String,java.lang.String)
  Then user verifies homepage title as "OrangeHRM"                                                     # Steps.HomePagesteps.user_verifies_homepage_title_as(java.lang.String)
  When User enters username as "Admin" and password as "admin123" and cliks on login button            # Steps.LoginPageSteps.user_enters_username_as_and_password_as_and_cliks_on_login_button(java.lang.String,java.lang.String)
]]></system-out>
    <system-err><![CDATA[SLF4J: Failed to load class "org.slf4j.impl.StaticLoggerBinder".
SLF4J: Defaulting to no-operation (NOP) logger implementation
SLF4J: See http://www.slf4j.org/codes.html#StaticLoggerBinder for further details.
Starting ChromeDriver 108.0.5359.71 (1e0e3868ee06e91ad636a874420e3ca3ae3756ac-refs/branch-heads/5359@{#1016}) on port 53458
Only local connections are allowed.
Please see https://chromedriver.chromium.org/security-considerations for suggestions on keeping ChromeDriver safe.
ChromeDriver was started successfully.
Starting ChromeDriver 108.0.5359.71 (1e0e3868ee06e91ad636a874420e3ca3ae3756ac-refs/branch-heads/5359@{#1016}) on port 51746
OnSltya rltoicngal  CchoronnmeeDcrtiiovensr  108.0.5359.7a1r e( 1ael0le3ow86e8ed.e0
6Pel91eaasd6e3 6saee87 4ht4t2p0es:3/c/a3caher3om75ed6aricv-reer.fsch/rbormaniucmh.-horega/dss/ec53u5r9i@{t#y1-0c1on6s})id eorna tpioronts  56f2or18 s
uOggnelsy tilooncsal  onc oknneeepcitniog nCs hraorme eDallowreidv.er 
sPalfee.a
se see https://chromedriver.chromium.org/security-considerations for suggestions on keeping ChromeDriver safe.
ChromeDriver was started successfully.
ChromeDriver was started successfully.
Dec 25, 2022 6:14:55 PM org.openqa.selenium.remote.ProtocolHandshake createSession
INFO: Detected upstream dialect: W3C
Dec 25, 2022 6:14:55 PM org.openqa.selenium.remote.ProtocolHandshake createSession
INFO: Detected upstream dialect: W3C
Dec 25, 2022 6:14:55 PM org.openqa.selenium.devtools.CdpVersionFinder findNearestMatch
WARNING: Unable to find an exact match for CDP version 108, so returning the closest version found: 104
Dec 25, 2022 6:14:55 PM org.openqa.selenium.devtools.CdpVersionFinder findNearestMatch
WARNING: Unable to find an exact match for CDP version 108, so returning the closest version found: 104
Dec 25, 2022 6:14:55 PM org.openqa.selenium.devtools.CdpVersionFinder findNearestMatch
INFO: Found CDP implementation for version 108 of 104
Dec 25, 2022 6:14:55 PM org.openqa.selenium.devtools.CdpVersionFinder findNearestMatch
INFO: Found CDP implementation for version 108 of 104
Dec 25, 2022 6:14:58 PM org.openqa.selenium.remote.ProtocolHandshake createSession
INFO: Detected upstream dialect: W3C
Dec 25, 2022 6:14:58 PM org.openqa.selenium.devtools.CdpVersionFinder findNearestMatch
WARNING: Unable to find an exact match for CDP version 108, so returning the closest version found: 104
Dec 25, 2022 6:14:58 PM org.openqa.selenium.devtools.CdpVersionFinder findNearestMatch
INFO: Found CDP implementation for version 108 of 104
]]></system-err>
  </testcase>
  <testcase name="runScenario[&quot;verify Homepage&quot;, &quot;homePage&quot;](2)" classname="Runners.RunIT" time="34.916"/>
  <testcase name="runScenario[&quot;verify TimePage&quot;, &quot;TimePage&quot;](3)" classname="Runners.RunIT" time="36.822">
    <system-out><![CDATA[  And user goes to time page                                                                           # Steps.TimePageSteps.user_goes_to_time_page()
  Then user clicks on lisauser and view record                                                         # Steps.TimePageSteps.user_clicks_on_lisauser_and_view_record()
My Records
My Records
  And verifies timesheet as "My Records"                                                               # Steps.TimePageSteps.verifies_timesheet_as(java.lang.String)
]]></system-out>
  </testcase>
</testsuite>