<?xml version="1.0" encoding="UTF-8"?>
<testng-results ignored="0" total="3" passed="3" failed="0" skipped="0">
  <reporter-output>
  </reporter-output>
  <suite started-at="2022-12-25T18:14:45 IST" name="Surefire suite" finished-at="2022-12-25T18:15:31 IST" duration-ms="46578">
    <groups>
      <group name="cucumber">
        <method signature="AbstractTestNGCucumberTests.runScenario(io.cucumber.testng.PickleWrapper,io.cucumber.testng.FeatureWrapper)[pri:0, instance:Runners.RunIT@51e69659]" name="runScenario" class="io.cucumber.testng.AbstractTestNGCucumberTests"/>
      </group> <!-- cucumber -->
    </groups>
    <test started-at="2022-12-25T18:14:45 IST" name="Surefire test" finished-at="2022-12-25T18:15:31 IST" duration-ms="46578">
      <class name="Runners.RunIT">
        <test-method is-config="true" signature="setUpClass(org.testng.ITestContext)[pri:0, instance:Runners.RunIT@51e69659]" started-at="2022-12-25T18:14:45 IST" name="setUpClass" finished-at="2022-12-25T18:14:47 IST" duration-ms="2289" status="PASS">
          <params>
            <param index="0">
              <value>
                <![CDATA[org.testng.TestRunner@21a46ff1]]>
              </value>
            </param>
          </params>
          <reporter-output>
          </reporter-output>
        </test-method> <!-- setUpClass -->
        <test-method signature="runScenario(io.cucumber.testng.PickleWrapper,io.cucumber.testng.FeatureWrapper)[pri:0, instance:Runners.RunIT@51e69659]" started-at="2022-12-25T18:14:47 IST" name="runScenario" description="Runs Cucumber Scenarios" data-provider="scenarios" finished-at="2022-12-25T18:15:22 IST" duration-ms="34928" status="PASS">
          <params>
            <param index="0">
              <value>
                <![CDATA["verify Homepage"]]>
              </value>
            </param>
            <param index="1">
              <value>
                <![CDATA["homePage"]]>
              </value>
            </param>
          </params>
          <reporter-output>
          </reporter-output>
        </test-method> <!-- runScenario -->
        <test-method signature="runScenario(io.cucumber.testng.PickleWrapper,io.cucumber.testng.FeatureWrapper)[pri:0, instance:Runners.RunIT@51e69659]" started-at="2022-12-25T18:14:47 IST" name="runScenario" description="Runs Cucumber Scenarios" data-provider="scenarios" finished-at="2022-12-25T18:15:22 IST" duration-ms="34837" status="PASS">
          <params>
            <param index="0">
              <value>
                <![CDATA["user login verification"]]>
              </value>
            </param>
            <param index="1">
              <value>
                <![CDATA["Login Page"]]>
              </value>
            </param>
          </params>
          <reporter-output>
          </reporter-output>
        </test-method> <!-- runScenario -->
        <test-method signature="runScenario(io.cucumber.testng.PickleWrapper,io.cucumber.testng.FeatureWrapper)[pri:0, instance:Runners.RunIT@51e69659]" started-at="2022-12-25T18:14:47 IST" name="runScenario" description="Runs Cucumber Scenarios" data-provider="scenarios" finished-at="2022-12-25T18:15:24 IST" duration-ms="36834" status="PASS">
          <params>
            <param index="0">
              <value>
                <![CDATA["verify TimePage"]]>
              </value>
            </param>
            <param index="1">
              <value>
                <![CDATA["TimePage"]]>
              </value>
            </param>
          </params>
          <reporter-output>
          </reporter-output>
        </test-method> <!-- runScenario -->
        <test-method is-config="true" signature="tearDownClass()[pri:0, instance:Runners.RunIT@51e69659]" started-at="2022-12-25T18:15:24 IST" name="tearDownClass" finished-at="2022-12-25T18:15:31 IST" duration-ms="7305" status="PASS">
          <reporter-output>
          </reporter-output>
        </test-method> <!-- tearDownClass -->
      </class> <!-- Runners.RunIT -->
    </test> <!-- Surefire test -->
  </suite> <!-- Surefire suite -->
</testng-results>
