<?xml version="1.0" encoding="UTF-8"?>
<testng-results ignored="0" total="1" passed="1" failed="0" skipped="0">
  <reporter-output>
  </reporter-output>
  <suite started-at="2022-12-21T22:25:05 IST" name="Default suite" finished-at="2022-12-21T22:25:40 IST" duration-ms="34631">
    <groups>
      <group name="cucumber">
        <method signature="AbstractTestNGCucumberTests.runScenario(io.cucumber.testng.PickleWrapper,io.cucumber.testng.FeatureWrapper)[pri:0, instance:Runners.RunIT@5b247367]" name="runScenario" class="io.cucumber.testng.AbstractTestNGCucumberTests"/>
      </group> <!-- cucumber -->
    </groups>
    <test started-at="2022-12-21T22:25:05 IST" name="Default test" finished-at="2022-12-21T22:25:40 IST" duration-ms="34631">
      <class name="Runners.RunIT">
        <test-method is-config="true" signature="setUpClass(org.testng.ITestContext)[pri:0, instance:Runners.RunIT@5b247367]" started-at="2022-12-21T22:25:06 IST" name="setUpClass" finished-at="2022-12-21T22:25:06 IST" duration-ms="715" status="PASS">
          <params>
            <param index="0">
              <value>
                <![CDATA[org.testng.TestRunner@a09303]]>
              </value>
            </param>
          </params>
          <reporter-output>
          </reporter-output>
        </test-method> <!-- setUpClass -->
        <test-method signature="runScenario(io.cucumber.testng.PickleWrapper,io.cucumber.testng.FeatureWrapper)[pri:0, instance:Runners.RunIT@5b247367]" started-at="2022-12-21T22:25:06 IST" name="runScenario" description="Runs Cucumber Scenarios" data-provider="scenarios" finished-at="2022-12-21T22:25:40 IST" duration-ms="33693" status="PASS">
          <params>
            <param index="0">
              <value>
                <![CDATA["user login verification"]]>
              </value>
            </param>
            <param index="1">
              <value>
                <![CDATA["Login Page"]]>
              </value>
            </param>
          </params>
          <reporter-output>
          </reporter-output>
        </test-method> <!-- runScenario -->
        <test-method is-config="true" signature="tearDownClass()[pri:0, instance:Runners.RunIT@5b247367]" started-at="2022-12-21T22:25:40 IST" name="tearDownClass" finished-at="2022-12-21T22:25:40 IST" duration-ms="33" status="PASS">
          <reporter-output>
          </reporter-output>
        </test-method> <!-- tearDownClass -->
      </class> <!-- Runners.RunIT -->
    </test> <!-- Default test -->
  </suite> <!-- Default suite -->
</testng-results>
