<?xml version="1.0" encoding="UTF-8"?>
<testng-results ignored="0" total="4" passed="4" failed="0" skipped="0">
  <reporter-output>
  </reporter-output>
  <suite started-at="2022-12-28T11:29:00 IST" name="Default suite" finished-at="2022-12-28T11:30:44 IST" duration-ms="103622">
    <groups>
      <group name="cucumber">
        <method signature="AbstractTestNGCucumberTests.runScenario(io.cucumber.testng.PickleWrapper,io.cucumber.testng.FeatureWrapper)[pri:0, instance:Runners.RunIT@433defed]" name="runScenario" class="io.cucumber.testng.AbstractTestNGCucumberTests"/>
      </group> <!-- cucumber -->
    </groups>
    <test started-at="2022-12-28T11:29:00 IST" name="Default test" finished-at="2022-12-28T11:30:44 IST" duration-ms="103622">
      <class name="Runners.RunIT">
        <test-method is-config="true" signature="setUpClass(org.testng.ITestContext)[pri:0, instance:Runners.RunIT@433defed]" started-at="2022-12-28T11:29:00 IST" name="setUpClass" finished-at="2022-12-28T11:29:03 IST" duration-ms="2653" status="PASS">
          <params>
            <param index="0">
              <value>
                <![CDATA[org.testng.TestRunner@2c3158e0]]>
              </value>
            </param>
          </params>
          <reporter-output>
          </reporter-output>
        </test-method> <!-- setUpClass -->
        <test-method signature="runScenario(io.cucumber.testng.PickleWrapper,io.cucumber.testng.FeatureWrapper)[pri:0, instance:Runners.RunIT@433defed]" started-at="2022-12-28T11:29:03 IST" name="runScenario" description="Runs Cucumber Scenarios" data-provider="scenarios" finished-at="2022-12-28T11:30:30 IST" duration-ms="87121" status="PASS">
          <params>
            <param index="0">
              <value>
                <![CDATA["Recruitment"]]>
              </value>
            </param>
            <param index="1">
              <value>
                <![CDATA["verify recruitment page"]]>
              </value>
            </param>
          </params>
          <reporter-output>
          </reporter-output>
        </test-method> <!-- runScenario -->
        <test-method signature="runScenario(io.cucumber.testng.PickleWrapper,io.cucumber.testng.FeatureWrapper)[pri:0, instance:Runners.RunIT@433defed]" started-at="2022-12-28T11:29:03 IST" name="runScenario" description="Runs Cucumber Scenarios" data-provider="scenarios" finished-at="2022-12-28T11:30:17 IST" duration-ms="73577" status="PASS">
          <params>
            <param index="0">
              <value>
                <![CDATA["user login verification"]]>
              </value>
            </param>
            <param index="1">
              <value>
                <![CDATA["Login Page"]]>
              </value>
            </param>
          </params>
          <reporter-output>
          </reporter-output>
        </test-method> <!-- runScenario -->
        <test-method signature="runScenario(io.cucumber.testng.PickleWrapper,io.cucumber.testng.FeatureWrapper)[pri:0, instance:Runners.RunIT@433defed]" started-at="2022-12-28T11:29:03 IST" name="runScenario" description="Runs Cucumber Scenarios" data-provider="scenarios" finished-at="2022-12-28T11:30:27 IST" duration-ms="84155" status="PASS">
          <params>
            <param index="0">
              <value>
                <![CDATA["verify Homepage"]]>
              </value>
            </param>
            <param index="1">
              <value>
                <![CDATA["homePage"]]>
              </value>
            </param>
          </params>
          <reporter-output>
          </reporter-output>
        </test-method> <!-- runScenario -->
        <test-method signature="runScenario(io.cucumber.testng.PickleWrapper,io.cucumber.testng.FeatureWrapper)[pri:0, instance:Runners.RunIT@433defed]" started-at="2022-12-28T11:29:03 IST" name="runScenario" description="Runs Cucumber Scenarios" data-provider="scenarios" finished-at="2022-12-28T11:30:32 IST" duration-ms="89152" status="PASS">
          <params>
            <param index="0">
              <value>
                <![CDATA["verify TimePage"]]>
              </value>
            </param>
            <param index="1">
              <value>
                <![CDATA["TimePage"]]>
              </value>
            </param>
          </params>
          <reporter-output>
          </reporter-output>
        </test-method> <!-- runScenario -->
        <test-method is-config="true" signature="tearDownClass()[pri:0, instance:Runners.RunIT@433defed]" started-at="2022-12-28T11:30:32 IST" name="tearDownClass" finished-at="2022-12-28T11:30:44 IST" duration-ms="11638" status="PASS">
          <reporter-output>
          </reporter-output>
        </test-method> <!-- tearDownClass -->
      </class> <!-- Runners.RunIT -->
    </test> <!-- Default test -->
  </suite> <!-- Default suite -->
</testng-results>
